<?xml version="1.0" encoding="UTF-8"?>
<!-- Generated by org.testng.reporters.JUnitReportReporter -->
<testsuite hostname="DESKTOP-48N6LPH" name="environment.BeforeMethod" tests="4" failures="0" timestamp="30 Apr 2019 05:51:08 GMT" time="0.015" errors="0">
  <testcase name="test2" time="0.002" classname="environment.BeforeMethod"/>
  <testcase name="test2" time="0.001" classname="environment.BeforeMethod"/>
  <testcase name="test2" time="0.002" classname="environment.BeforeMethod"/>
  <testcase name="test1" time="0.010" classname="environment.BeforeMethod"/>
</testsuite> <!-- environment.BeforeMethod -->
