<?xml version="1.0" encoding="UTF-8"?>
<!-- Generated by org.testng.reporters.JUnitReportReporter -->
<testsuite skipped="0" hostname="DESKTOP-48N6LPH" name="Practice.Check_box" tests="1" failures="0" timestamp="2019-08-30T12:35:21 IST" time="13.582" errors="0">
  <testcase name="checkBox" time="13.582" classname="Practice.Check_box"/>
</testsuite> <!-- Practice.Check_box -->
