<?xml version="1.0" encoding="UTF-8"?>
<!-- Generated by org.testng.reporters.JUnitReportReporter -->
<testsuite skipped="0" hostname="DESKTOP-48N6LPH" name="Practice.Table" tests="1" failures="0" timestamp="2019-08-30T13:06:44 IST" time="43.514" errors="0">
  <testcase name="table" time="43.514" classname="Practice.Table"/>
</testsuite> <!-- Practice.Table -->
