<?xml version="1.0" encoding="UTF-8"?>
<!-- Generated by org.testng.reporters.JUnitReportReporter -->
<testsuite hostname="DESKTOP-48N6LPH" name="Practice.Alert" tests="1" failures="0" timestamp="23 Jul 2019 07:12:46 GMT" time="59.836" errors="0">
  <testcase name="alert" time="59.836" classname="Practice.Alert"/>
</testsuite> <!-- Practice.Alert -->
