<?xml version="1.0" encoding="UTF-8"?>
<!-- Generated by org.testng.reporters.JUnitReportReporter -->
<testsuite skipped="0" hostname="DESKTOP-48N6LPH" name="Practice.IsDisplayed" tests="1" failures="0" timestamp="2019-08-30T12:53:41 IST" time="14.326" errors="0">
  <testcase name="isdisplayed" time="14.326" classname="Practice.IsDisplayed"/>
</testsuite> <!-- Practice.IsDisplayed -->
