<?xml version="1.0" encoding="UTF-8"?>
<!-- Generated by org.testng.reporters.JUnitReportReporter -->
<testsuite skipped="0" hostname="DESKTOP-48N6LPH" name="Practice.Auto_Suggestion" tests="1" failures="0" timestamp="2019-08-30T12:32:05 IST" time="21.010" errors="0">
  <testcase name="auto" time="21.010" classname="Practice.Auto_Suggestion"/>
</testsuite> <!-- Practice.Auto_Suggestion -->
