<?xml version="1.0" encoding="UTF-8"?>
<!-- Generated by org.testng.reporters.JUnitReportReporter -->
<testsuite hostname="DESKTOP-48N6LPH" name="Practice.Radio_Button" tests="1" failures="0" timestamp="22 Jul 2019 07:59:49 GMT" time="23.892" errors="0">
  <testcase name="radio" time="23.892" classname="Practice.Radio_Button"/>
</testsuite> <!-- Practice.Radio_Button -->
