<?xml version="1.0" encoding="UTF-8"?>
<!-- Generated by org.testng.reporters.JUnitReportReporter -->
<testsuite skipped="0" hostname="DESKTOP-48N6LPH" name="Practice.DropDown" tests="1" failures="0" timestamp="2019-09-13T14:41:55 IST" time="22.343" errors="0">
  <testcase name="checkBox" time="22.343" classname="Practice.DropDown"/>
</testsuite> <!-- Practice.DropDown -->
