<?xml version="1.0" encoding="UTF-8"?>
<!-- Generated by org.testng.reporters.JUnitReportReporter -->
<testsuite hostname="DESKTOP-48N6LPH" name="TestCases.AirIndia" tests="1" failures="0" timestamp="17 Jul 2019 07:19:36 GMT" time="13.275" errors="0">
  <testcase name="Concession" time="13.275" classname="TestCases.AirIndia"/>
</testsuite> <!-- TestCases.AirIndia -->
