<?xml version="1.0" encoding="UTF-8"?>
<!-- Generated by org.testng.reporters.JUnitReportReporter -->
<testsuite skipped="0" hostname="DESKTOP-48N6LPH" name="Client.Summary_TestCase" tests="1" failures="0" timestamp="07 Mar 2019 11:14:05 GMT" time="122.926" errors="0">
  <testcase name="testcase" time="122.926" classname="Client.Summary_TestCase"/>
</testsuite> <!-- Client.Summary_TestCase -->
