<?xml version="1.0" encoding="UTF-8"?>
<!-- Generated by org.testng.reporters.JUnitReportReporter -->
<testsuite hostname="DESKTOP-48N6LPH" name="Module.Login" tests="1" failures="0" timestamp="17 Jul 2019 09:14:06 GMT" time="46.593" errors="0">
  <testcase name="LoginPage" time="46.593" classname="Module.Login"/>
</testsuite> <!-- Module.Login -->
