<?xml version="1.0" encoding="UTF-8"?>
<!-- Generated by org.testng.reporters.JUnitReportReporter -->
<testsuite hostname="DESKTOP-48N6LPH" name="TestNG.Class4" tests="1" failures="0" timestamp="2 May 2019 07:37:20 GMT" time="0.042" errors="0">
  <testcase name="test1" time="0.042" classname="TestNG.Class4"/>
</testsuite> <!-- TestNG.Class4 -->
