<?xml version="1.0" encoding="UTF-8"?>
<!-- Generated by org.testng.reporters.JUnitReportReporter -->
<testsuite skipped="0" hostname="DESKTOP-48N6LPH" name="TestNG.Multiple_Browser" tests="1" failures="0" timestamp="2019-09-06T16:01:04 IST" time="44.748" errors="0">
  <testcase name="Login" time="44.748" classname="TestNG.Multiple_Browser"/>
</testsuite> <!-- TestNG.Multiple_Browser -->
