<?xml version="1.0" encoding="UTF-8"?>
<!-- Generated by org.testng.reporters.JUnitReportReporter -->
<testsuite skipped="0" hostname="DESKTOP-48N6LPH" name="PageObjectModel.Login" tests="1" failures="0" timestamp="2019-09-06T16:35:37 IST" time="51.801" errors="0">
  <testcase name="login" time="51.801" classname="PageObjectModel.Login"/>
</testsuite> <!-- PageObjectModel.Login -->
