<?xml version="1.0" encoding="UTF-8"?>
<!-- Generated by org.testng.reporters.JUnitReportReporter -->
<testsuite skipped="0" hostname="DESKTOP-48N6LPH" name="TestNG.Class1" tests="4" failures="0" timestamp="2019-09-06T16:01:04 IST" time="0.005" errors="0">
  <testcase name="test2" time="0.001" classname="TestNG.Class1"/>
  <testcase name="test2" time="0.001" classname="TestNG.Class1"/>
  <testcase name="test1" time="0.002" classname="TestNG.Class1"/>
  <testcase name="test2" time="0.001" classname="TestNG.Class1"/>
</testsuite> <!-- TestNG.Class1 -->
