<?xml version="1.0" encoding="UTF-8"?>
<!-- Generated by org.testng.reporters.JUnitReportReporter -->
<testsuite hostname="DESKTOP-48N6LPH" name="TestNG.Class2" tests="2" failures="0" timestamp="2 May 2019 10:48:17 GMT" time="0.010" errors="0">
  <testcase name="test2" time="0.000" classname="TestNG.Class2"/>
  <testcase name="test1" time="0.010" classname="TestNG.Class2"/>
</testsuite> <!-- TestNG.Class2 -->
