<?xml version="1.0" encoding="UTF-8"?>
<!-- Generated by org.testng.reporters.JUnitReportReporter -->
<testsuite hostname="DESKTOP-48N6LPH" name="TestNG.BeforeMethod" tests="4" failures="0" timestamp="2 May 2019 06:08:59 GMT" time="0.027" errors="0">
  <testcase name="test1" time="0.023" classname="TestNG.BeforeMethod"/>
  <testcase name="test2" time="0.001" classname="TestNG.BeforeMethod"/>
  <testcase name="test2" time="0.002" classname="TestNG.BeforeMethod"/>
  <testcase name="test2" time="0.001" classname="TestNG.BeforeMethod"/>
</testsuite> <!-- TestNG.BeforeMethod -->
