<?xml version="1.0" encoding="UTF-8"?>
<!-- Generated by org.testng.reporters.JUnitReportReporter -->
<testsuite hostname="DESKTOP-48N6LPH" name="TestNG.Global_Parameter" tests="1" failures="0" timestamp="16 Jul 2019 06:29:45 GMT" time="0.012" errors="0">
  <testcase name="Login" time="0.012" classname="TestNG.Global_Parameter"/>
</testsuite> <!-- TestNG.Global_Parameter -->
