<?xml version="1.0" encoding="UTF-8"?>
<!-- Generated by org.testng.reporters.JUnitReportReporter -->
<testsuite hostname="DESKTOP-48N6LPH" name="TestNG.DependsOnMethod_and_Enabled" tests="2" failures="0" timestamp="2 May 2019 09:02:38 GMT" time="0.102" errors="0">
  <testcase name="test2" time="0.002" classname="TestNG.DependsOnMethod_and_Enabled"/>
  <testcase name="test1" time="0.100" classname="TestNG.DependsOnMethod_and_Enabled"/>
</testsuite> <!-- TestNG.DependsOnMethod_and_Enabled -->
