<?xml version="1.0" encoding="UTF-8"?>
<!-- Generated by org.testng.reporters.JUnitReportReporter -->
<testsuite skipped="1" hostname="DESKTOP-48N6LPH" name="TestNG.DependsOnMethod_and_Enabled" tests="4" failures="0" timestamp="2019-09-06T16:04:52 IST" time="0.034" errors="0">
  <testcase name="test1" time="0.027" classname="TestNG.DependsOnMethod_and_Enabled"/>
  <testcase name="test2" time="0.001" classname="TestNG.DependsOnMethod_and_Enabled"/>
  <testcase name="test4" time="0.006" classname="TestNG.DependsOnMethod_and_Enabled"/>
  <testcase name="test3" classname="TestNG.DependsOnMethod_and_Enabled">
    <skipped/>
  </testcase> <!-- test3 -->
</testsuite> <!-- TestNG.DependsOnMethod_and_Enabled -->
