<?xml version="1.0" encoding="UTF-8"?>
<!-- Generated by org.testng.reporters.JUnitReportReporter -->
<testsuite skipped="0" hostname="DESKTOP-48N6LPH" name="TestNG.ClassGroup" tests="1" failures="0" timestamp="2019-09-13T13:36:27 IST" time="0.009" errors="0">
  <testcase name="test1" time="0.009" classname="TestNG.ClassGroup"/>
</testsuite> <!-- TestNG.ClassGroup -->
