<?xml version="1.0" encoding="UTF-8"?>
<!-- Generated by org.testng.reporters.JUnitReportReporter -->
<testsuite hostname="DESKTOP-48N6LPH" name="TestNG.Class5" tests="2" failures="0" timestamp="2 May 2019 09:00:47 GMT" time="0.007" errors="0">
  <testcase name="test2" time="0.001" classname="TestNG.Class5"/>
  <testcase name="test1" time="0.006" classname="TestNG.Class5"/>
</testsuite> <!-- TestNG.Class5 -->
