<?xml version="1.0" encoding="UTF-8"?>
<!-- Generated by org.testng.reporters.JUnitReportReporter -->
<testsuite skipped="0" hostname="DESKTOP-48N6LPH" name="TestNG.Global_Parameter_By_PropertiesClass" tests="1" failures="0" timestamp="2019-09-06T16:01:04 IST" time="0.006" errors="0">
  <testcase name="Login" time="0.006" classname="TestNG.Global_Parameter_By_PropertiesClass"/>
</testsuite> <!-- TestNG.Global_Parameter_By_PropertiesClass -->
