<?xml version="1.0" encoding="UTF-8"?>
<!-- Generated by org.testng.reporters.JUnitReportReporter -->
<testsuite skipped="0" hostname="DESKTOP-48N6LPH" name="TestNG.Annotations" tests="2" failures="0" timestamp="2019-09-06T16:01:04 IST" time="0.008" errors="0">
  <testcase name="testCase1" time="0.002" classname="TestNG.Annotations"/>
  <testcase name="testCase" time="0.006" classname="TestNG.Annotations"/>
</testsuite> <!-- TestNG.Annotations -->
