<?xml version="1.0" encoding="UTF-8"?>
<!-- Generated by org.testng.reporters.JUnitReportReporter -->
<testsuite hostname="DESKTOP-48N6LPH" name="TestNG.Class3" tests="2" failures="0" timestamp="2 May 2019 10:09:02 GMT" time="0.010" errors="0">
  <testcase name="test1" time="0.008" classname="TestNG.Class3"/>
  <testcase name="test2" time="0.002" classname="TestNG.Class3"/>
</testsuite> <!-- TestNG.Class3 -->
