<?xml version="1.0" encoding="UTF-8"?>
<!-- Generated by org.testng.reporters.JUnitReportReporter -->
<testsuite hostname="DESKTOP-48N6LPH" name="TestNG.Class4" tests="2" failures="0" timestamp="28 Jun 2019 10:04:57 GMT" time="0.003" errors="0">
  <testcase name="test1" time="0.001" classname="TestNG.Class4"/>
  <testcase name="test2" time="0.002" classname="TestNG.Class4"/>
</testsuite> <!-- TestNG.Class4 -->
