<?xml version="1.0" encoding="UTF-8"?>
<!-- Generated by org.testng.reporters.JUnitReportReporter -->
<testsuite skipped="0" hostname="DESKTOP-48N6LPH" name="Login.Test1" tests="1" failures="0" timestamp="12 Feb 2019 09:50:20 GMT" time="0.004" errors="0">
  <testcase name="testCase1" time="0.004" classname="Login.Test1"/>
</testsuite> <!-- Login.Test1 -->
