<?xml version="1.0" encoding="UTF-8"?>
<!-- Generated by org.testng.reporters.JUnitReportReporter -->
<testsuite hostname="DESKTOP-48N6LPH" name="Comparison.Biketest" tests="1" failures="0" timestamp="25 Jun 2019 06:14:13 GMT" time="6.265" errors="0">
  <testcase name="biketest" time="6.265" classname="Comparison.Biketest"/>
</testsuite> <!-- Comparison.Biketest -->
