<?xml version="1.0" encoding="UTF-8"?>
<!-- Generated by org.testng.reporters.JUnitReportReporter -->
<testsuite hostname="DESKTOP-48N6LPH" name="Comparison.Bikes" tests="1" failures="0" timestamp="26 Jun 2019 08:50:53 GMT" time="9.716" errors="0">
  <testcase name="ChoosingBike1" time="9.716" classname="Comparison.Bikes"/>
</testsuite> <!-- Comparison.Bikes -->
